<?xml version="1.0" encoding="UTF-8"?>
<testsuite xmlns:xsi="http://www.w3.org/2001/XMLSchema-instance" xsi:noNamespaceSchemaLocation="https://maven.apache.org/surefire/maven-surefire-plugin/xsd/surefire-test-report-3.0.xsd" version="3.0" name="br.com.enade.model.TbusuarioTest" time="0.285" tests="4" errors="0" skipped="0" failures="1">
  <properties>
    <property name="java.specification.version" value="17"/>
    <property name="sonar.login" value="sqp_4f6cbb7e70c9ce441af8461a44888369374e33c9"/>
    <property name="sonar.host.url" value="http://localhost:9000"/>
    <property name="sun.jnu.encoding" value="UTF-8"/>
    <property name="java.class.path" value="/root/Projects/manutenacao-2/target/test-classes:/root/Projects/manutenacao-2/target/classes:/root/.m2/repository/org/jboss/weld/servlet/weld-servlet/2.4.8.Final/weld-servlet-2.4.8.Final.jar:/root/.m2/repository/javax/validation/validation-api/2.0.1.Final/validation-api-2.0.1.Final.jar:/root/.m2/repository/org/primefaces/primefaces/8.0/primefaces-8.0.jar:/root/.m2/repository/mysql/mysql-connector-java/8.0.22/mysql-connector-java-8.0.22.jar:/root/.m2/repository/com/google/protobuf/protobuf-java/3.11.4/protobuf-java-3.11.4.jar:/root/.m2/repository/org/hibernate/hibernate-entitymanager/5.4.24.Final/hibernate-entitymanager-5.4.24.Final.jar:/root/.m2/repository/org/jboss/logging/jboss-logging/3.4.1.Final/jboss-logging-3.4.1.Final.jar:/root/.m2/repository/org/hibernate/hibernate-core/5.4.24.Final/hibernate-core-5.4.24.Final.jar:/root/.m2/repository/org/javassist/javassist/3.27.0-GA/javassist-3.27.0-GA.jar:/root/.m2/repository/antlr/antlr/2.7.7/antlr-2.7.7.jar:/root/.m2/repository/org/jboss/jandex/2.1.3.Final/jandex-2.1.3.Final.jar:/root/.m2/repository/com/fasterxml/classmate/1.5.1/classmate-1.5.1.jar:/root/.m2/repository/javax/activation/javax.activation-api/1.2.0/javax.activation-api-1.2.0.jar:/root/.m2/repository/javax/xml/bind/jaxb-api/2.3.1/jaxb-api-2.3.1.jar:/root/.m2/repository/org/glassfish/jaxb/jaxb-runtime/2.3.1/jaxb-runtime-2.3.1.jar:/root/.m2/repository/org/glassfish/jaxb/txw2/2.3.1/txw2-2.3.1.jar:/root/.m2/repository/com/sun/istack/istack-commons-runtime/3.0.7/istack-commons-runtime-3.0.7.jar:/root/.m2/repository/org/jvnet/staxex/stax-ex/1.8/stax-ex-1.8.jar:/root/.m2/repository/com/sun/xml/fastinfoset/FastInfoset/1.2.15/FastInfoset-1.2.15.jar:/root/.m2/repository/org/dom4j/dom4j/2.1.3/dom4j-2.1.3.jar:/root/.m2/repository/org/hibernate/common/hibernate-commons-annotations/5.1.2.Final/hibernate-commons-annotations-5.1.2.Final.jar:/root/.m2/repository/javax/persistence/javax.persistence-api/2.2/javax.persistence-api-2.2.jar:/root/.m2/repository/net/bytebuddy/byte-buddy/1.10.17/byte-buddy-1.10.17.jar:/root/.m2/repository/org/jboss/spec/javax/transaction/jboss-transaction-api_1.2_spec/1.1.1.Final/jboss-transaction-api_1.2_spec-1.1.1.Final.jar:/root/.m2/repository/com/sun/faces/jsf-api/2.2.20/jsf-api-2.2.20.jar:/root/.m2/repository/net/sf/jasperreports/jasperreports/6.17.0/jasperreports-6.17.0.jar:/root/.m2/repository/commons-beanutils/commons-beanutils/1.9.4/commons-beanutils-1.9.4.jar:/root/.m2/repository/commons-collections/commons-collections/3.2.2/commons-collections-3.2.2.jar:/root/.m2/repository/commons-digester/commons-digester/2.1/commons-digester-2.1.jar:/root/.m2/repository/commons-logging/commons-logging/1.1.1/commons-logging-1.1.1.jar:/root/.m2/repository/org/apache/commons/commons-collections4/4.2/commons-collections4-4.2.jar:/root/.m2/repository/org/jfree/jcommon/1.0.23/jcommon-1.0.23.jar:/root/.m2/repository/org/jfree/jfreechart/1.0.19/jfreechart-1.0.19.jar:/root/.m2/repository/org/eclipse/jdt/ecj/3.21.0/ecj-3.21.0.jar:/root/.m2/repository/org/codehaus/castor/castor-xml/1.4.1/castor-xml-1.4.1.jar:/root/.m2/repository/org/codehaus/castor/castor-core/1.4.1/castor-core-1.4.1.jar:/root/.m2/repository/org/apache/commons/commons-lang3/3.4/commons-lang3-3.4.jar:/root/.m2/repository/javax/inject/javax.inject/1/javax.inject-1.jar:/root/.m2/repository/com/fasterxml/jackson/core/jackson-core/2.12.2/jackson-core-2.12.2.jar:/root/.m2/repository/com/fasterxml/jackson/core/jackson-databind/2.12.2/jackson-databind-2.12.2.jar:/root/.m2/repository/net/sf/jasperreports/jasperreports-fonts/6.17.0/jasperreports-fonts-6.17.0.jar:/root/.m2/repository/net/sf/jasperreports/jasperreports-functions/6.17.0/jasperreports-functions-6.17.0.jar:/root/.m2/repository/joda-time/joda-time/2.9.9/joda-time-2.9.9.jar:/root/.m2/repository/net/sf/jasperreports/jasperreports-metadata/6.17.0/jasperreports-metadata-6.17.0.jar:/root/.m2/repository/javax/servlet/servlet-api/2.5/servlet-api-2.5.jar:/root/.m2/repository/org/apache/poi/poi/3.7/poi-3.7.jar:/root/.m2/repository/com/sun/faces/jsf-impl/2.2.20/jsf-impl-2.2.20.jar:/root/.m2/repository/com/lowagie/itext/2.1.7/itext-2.1.7.jar:/root/.m2/repository/bouncycastle/bcmail-jdk14/138/bcmail-jdk14-138.jar:/root/.m2/repository/bouncycastle/bcprov-jdk14/138/bcprov-jdk14-138.jar:/root/.m2/repository/org/bouncycastle/bctsp-jdk14/1.38/bctsp-jdk14-1.38.jar:/root/.m2/repository/org/bouncycastle/bcprov-jdk14/1.38/bcprov-jdk14-1.38.jar:/root/.m2/repository/org/bouncycastle/bcmail-jdk14/1.38/bcmail-jdk14-1.38.jar:/root/.m2/repository/org/sonarsource/scanner/maven/sonar-maven-plugin/3.9.0.2155/sonar-maven-plugin-3.9.0.2155.jar:/root/.m2/repository/org/sonatype/plexus/plexus-sec-dispatcher/1.4/plexus-sec-dispatcher-1.4.jar:/root/.m2/repository/org/sonatype/plexus/plexus-cipher/1.4/plexus-cipher-1.4.jar:/root/.m2/repository/org/codehaus/plexus/plexus-utils/3.2.1/plexus-utils-3.2.1.jar:/root/.m2/repository/org/sonarsource/scanner/api/sonar-scanner-api/2.16.1.361/sonar-scanner-api-2.16.1.361.jar:/root/.m2/repository/commons-lang/commons-lang/2.6/commons-lang-2.6.jar:/root/.m2/repository/org/junit/platform/junit-platform-launcher/1.3.0/junit-platform-launcher-1.3.0.jar:/root/.m2/repository/org/apiguardian/apiguardian-api/1.0.0/apiguardian-api-1.0.0.jar:/root/.m2/repository/org/junit/platform/junit-platform-engine/1.3.0/junit-platform-engine-1.3.0.jar:/root/.m2/repository/org/junit/platform/junit-platform-commons/1.3.0/junit-platform-commons-1.3.0.jar:/root/.m2/repository/org/opentest4j/opentest4j/1.1.0/opentest4j-1.1.0.jar:/root/.m2/repository/org/junit/jupiter/junit-jupiter-engine/5.3.0/junit-jupiter-engine-5.3.0.jar:/root/.m2/repository/org/junit/jupiter/junit-jupiter-api/5.3.0/junit-jupiter-api-5.3.0.jar:/root/.m2/repository/org/junit/vintage/junit-vintage-engine/5.3.0/junit-vintage-engine-5.3.0.jar:/root/.m2/repository/junit/junit/4.12/junit-4.12.jar:/root/.m2/repository/org/hamcrest/hamcrest-core/1.3/hamcrest-core-1.3.jar:/root/.m2/repository/org/testng/testng/6.8.1/testng-6.8.1.jar:/root/.m2/repository/org/beanshell/bsh/2.0b4/bsh-2.0b4.jar:/root/.m2/repository/com/beust/jcommander/1.27/jcommander-1.27.jar:/root/.m2/repository/org/yaml/snakeyaml/1.6/snakeyaml-1.6.jar:"/>
    <property name="java.vm.vendor" value="Private Build"/>
    <property name="sun.arch.data.model" value="64"/>
    <property name="java.vendor.url" value="Unknown"/>
    <property name="os.name" value="Linux"/>
    <property name="java.vm.specification.version" value="17"/>
    <property name="sun.java.launcher" value="SUN_STANDARD"/>
    <property name="sun.boot.library.path" value="/usr/lib/jvm/java-17-openjdk-amd64/lib"/>
    <property name="sun.java.command" value="/root/Projects/manutenacao-2/target/surefire/surefirebooter9315826404859078903.jar /root/Projects/manutenacao-2/target/surefire 2024-06-01T16-12-09_132-jvmRun1 surefire17732535491947352378tmp surefire_03089741609574873496tmp"/>
    <property name="jdk.debug" value="release"/>
    <property name="surefire.test.class.path" value="/root/Projects/manutenacao-2/target/test-classes:/root/Projects/manutenacao-2/target/classes:/root/.m2/repository/org/jboss/weld/servlet/weld-servlet/2.4.8.Final/weld-servlet-2.4.8.Final.jar:/root/.m2/repository/javax/validation/validation-api/2.0.1.Final/validation-api-2.0.1.Final.jar:/root/.m2/repository/org/primefaces/primefaces/8.0/primefaces-8.0.jar:/root/.m2/repository/mysql/mysql-connector-java/8.0.22/mysql-connector-java-8.0.22.jar:/root/.m2/repository/com/google/protobuf/protobuf-java/3.11.4/protobuf-java-3.11.4.jar:/root/.m2/repository/org/hibernate/hibernate-entitymanager/5.4.24.Final/hibernate-entitymanager-5.4.24.Final.jar:/root/.m2/repository/org/jboss/logging/jboss-logging/3.4.1.Final/jboss-logging-3.4.1.Final.jar:/root/.m2/repository/org/hibernate/hibernate-core/5.4.24.Final/hibernate-core-5.4.24.Final.jar:/root/.m2/repository/org/javassist/javassist/3.27.0-GA/javassist-3.27.0-GA.jar:/root/.m2/repository/antlr/antlr/2.7.7/antlr-2.7.7.jar:/root/.m2/repository/org/jboss/jandex/2.1.3.Final/jandex-2.1.3.Final.jar:/root/.m2/repository/com/fasterxml/classmate/1.5.1/classmate-1.5.1.jar:/root/.m2/repository/javax/activation/javax.activation-api/1.2.0/javax.activation-api-1.2.0.jar:/root/.m2/repository/javax/xml/bind/jaxb-api/2.3.1/jaxb-api-2.3.1.jar:/root/.m2/repository/org/glassfish/jaxb/jaxb-runtime/2.3.1/jaxb-runtime-2.3.1.jar:/root/.m2/repository/org/glassfish/jaxb/txw2/2.3.1/txw2-2.3.1.jar:/root/.m2/repository/com/sun/istack/istack-commons-runtime/3.0.7/istack-commons-runtime-3.0.7.jar:/root/.m2/repository/org/jvnet/staxex/stax-ex/1.8/stax-ex-1.8.jar:/root/.m2/repository/com/sun/xml/fastinfoset/FastInfoset/1.2.15/FastInfoset-1.2.15.jar:/root/.m2/repository/org/dom4j/dom4j/2.1.3/dom4j-2.1.3.jar:/root/.m2/repository/org/hibernate/common/hibernate-commons-annotations/5.1.2.Final/hibernate-commons-annotations-5.1.2.Final.jar:/root/.m2/repository/javax/persistence/javax.persistence-api/2.2/javax.persistence-api-2.2.jar:/root/.m2/repository/net/bytebuddy/byte-buddy/1.10.17/byte-buddy-1.10.17.jar:/root/.m2/repository/org/jboss/spec/javax/transaction/jboss-transaction-api_1.2_spec/1.1.1.Final/jboss-transaction-api_1.2_spec-1.1.1.Final.jar:/root/.m2/repository/com/sun/faces/jsf-api/2.2.20/jsf-api-2.2.20.jar:/root/.m2/repository/net/sf/jasperreports/jasperreports/6.17.0/jasperreports-6.17.0.jar:/root/.m2/repository/commons-beanutils/commons-beanutils/1.9.4/commons-beanutils-1.9.4.jar:/root/.m2/repository/commons-collections/commons-collections/3.2.2/commons-collections-3.2.2.jar:/root/.m2/repository/commons-digester/commons-digester/2.1/commons-digester-2.1.jar:/root/.m2/repository/commons-logging/commons-logging/1.1.1/commons-logging-1.1.1.jar:/root/.m2/repository/org/apache/commons/commons-collections4/4.2/commons-collections4-4.2.jar:/root/.m2/repository/org/jfree/jcommon/1.0.23/jcommon-1.0.23.jar:/root/.m2/repository/org/jfree/jfreechart/1.0.19/jfreechart-1.0.19.jar:/root/.m2/repository/org/eclipse/jdt/ecj/3.21.0/ecj-3.21.0.jar:/root/.m2/repository/org/codehaus/castor/castor-xml/1.4.1/castor-xml-1.4.1.jar:/root/.m2/repository/org/codehaus/castor/castor-core/1.4.1/castor-core-1.4.1.jar:/root/.m2/repository/org/apache/commons/commons-lang3/3.4/commons-lang3-3.4.jar:/root/.m2/repository/javax/inject/javax.inject/1/javax.inject-1.jar:/root/.m2/repository/com/fasterxml/jackson/core/jackson-core/2.12.2/jackson-core-2.12.2.jar:/root/.m2/repository/com/fasterxml/jackson/core/jackson-databind/2.12.2/jackson-databind-2.12.2.jar:/root/.m2/repository/net/sf/jasperreports/jasperreports-fonts/6.17.0/jasperreports-fonts-6.17.0.jar:/root/.m2/repository/net/sf/jasperreports/jasperreports-functions/6.17.0/jasperreports-functions-6.17.0.jar:/root/.m2/repository/joda-time/joda-time/2.9.9/joda-time-2.9.9.jar:/root/.m2/repository/net/sf/jasperreports/jasperreports-metadata/6.17.0/jasperreports-metadata-6.17.0.jar:/root/.m2/repository/javax/servlet/servlet-api/2.5/servlet-api-2.5.jar:/root/.m2/repository/org/apache/poi/poi/3.7/poi-3.7.jar:/root/.m2/repository/com/sun/faces/jsf-impl/2.2.20/jsf-impl-2.2.20.jar:/root/.m2/repository/com/lowagie/itext/2.1.7/itext-2.1.7.jar:/root/.m2/repository/bouncycastle/bcmail-jdk14/138/bcmail-jdk14-138.jar:/root/.m2/repository/bouncycastle/bcprov-jdk14/138/bcprov-jdk14-138.jar:/root/.m2/repository/org/bouncycastle/bctsp-jdk14/1.38/bctsp-jdk14-1.38.jar:/root/.m2/repository/org/bouncycastle/bcprov-jdk14/1.38/bcprov-jdk14-1.38.jar:/root/.m2/repository/org/bouncycastle/bcmail-jdk14/1.38/bcmail-jdk14-1.38.jar:/root/.m2/repository/org/sonarsource/scanner/maven/sonar-maven-plugin/3.9.0.2155/sonar-maven-plugin-3.9.0.2155.jar:/root/.m2/repository/org/sonatype/plexus/plexus-sec-dispatcher/1.4/plexus-sec-dispatcher-1.4.jar:/root/.m2/repository/org/sonatype/plexus/plexus-cipher/1.4/plexus-cipher-1.4.jar:/root/.m2/repository/org/codehaus/plexus/plexus-utils/3.2.1/plexus-utils-3.2.1.jar:/root/.m2/repository/org/sonarsource/scanner/api/sonar-scanner-api/2.16.1.361/sonar-scanner-api-2.16.1.361.jar:/root/.m2/repository/commons-lang/commons-lang/2.6/commons-lang-2.6.jar:/root/.m2/repository/org/junit/platform/junit-platform-launcher/1.3.0/junit-platform-launcher-1.3.0.jar:/root/.m2/repository/org/apiguardian/apiguardian-api/1.0.0/apiguardian-api-1.0.0.jar:/root/.m2/repository/org/junit/platform/junit-platform-engine/1.3.0/junit-platform-engine-1.3.0.jar:/root/.m2/repository/org/junit/platform/junit-platform-commons/1.3.0/junit-platform-commons-1.3.0.jar:/root/.m2/repository/org/opentest4j/opentest4j/1.1.0/opentest4j-1.1.0.jar:/root/.m2/repository/org/junit/jupiter/junit-jupiter-engine/5.3.0/junit-jupiter-engine-5.3.0.jar:/root/.m2/repository/org/junit/jupiter/junit-jupiter-api/5.3.0/junit-jupiter-api-5.3.0.jar:/root/.m2/repository/org/junit/vintage/junit-vintage-engine/5.3.0/junit-vintage-engine-5.3.0.jar:/root/.m2/repository/junit/junit/4.12/junit-4.12.jar:/root/.m2/repository/org/hamcrest/hamcrest-core/1.3/hamcrest-core-1.3.jar:/root/.m2/repository/org/testng/testng/6.8.1/testng-6.8.1.jar:/root/.m2/repository/org/beanshell/bsh/2.0b4/bsh-2.0b4.jar:/root/.m2/repository/com/beust/jcommander/1.27/jcommander-1.27.jar:/root/.m2/repository/org/yaml/snakeyaml/1.6/snakeyaml-1.6.jar:"/>
    <property name="sun.cpu.endian" value="little"/>
    <property name="user.home" value="/root"/>
    <property name="user.language" value="en"/>
    <property name="java.specification.vendor" value="Oracle Corporation"/>
    <property name="java.version.date" value="2024-01-16"/>
    <property name="java.home" value="/usr/lib/jvm/java-17-openjdk-amd64"/>
    <property name="file.separator" value="/"/>
    <property name="basedir" value="/root/Projects/manutenacao-2"/>
    <property name="java.vm.compressedOopsMode" value="32-bit"/>
    <property name="line.separator" value="&#10;"/>
    <property name="java.vm.specification.vendor" value="Oracle Corporation"/>
    <property name="java.specification.name" value="Java Platform API Specification"/>
    <property name="surefire.real.class.path" value="/root/Projects/manutenacao-2/target/surefire/surefirebooter9315826404859078903.jar"/>
    <property name="sun.management.compiler" value="HotSpot 64-Bit Tiered Compilers"/>
    <property name="java.runtime.version" value="17.0.10+7-Ubuntu-122.04.1"/>
    <property name="user.name" value="root"/>
    <property name="path.separator" value=":"/>
    <property name="os.version" value="5.15.146.1-microsoft-standard-WSL2"/>
    <property name="java.runtime.name" value="OpenJDK Runtime Environment"/>
    <property name="file.encoding" value="UTF-8"/>
    <property name="java.vm.name" value="OpenJDK 64-Bit Server VM"/>
    <property name="localRepository" value="/root/.m2/repository"/>
    <property name="java.vendor.url.bug" value="Unknown"/>
    <property name="java.io.tmpdir" value="/tmp"/>
    <property name="java.version" value="17.0.10"/>
    <property name="user.dir" value="/root/Projects/manutenacao-2"/>
    <property name="os.arch" value="amd64"/>
    <property name="java.vm.specification.name" value="Java Virtual Machine Specification"/>
    <property name="native.encoding" value="UTF-8"/>
    <property name="sonar.projectKey" value="manuten-o"/>
    <property name="java.library.path" value="/usr/java/packages/lib:/usr/lib/x86_64-linux-gnu/jni:/lib/x86_64-linux-gnu:/usr/lib/x86_64-linux-gnu:/usr/lib/jni:/lib:/usr/lib"/>
    <property name="java.vm.info" value="mixed mode, sharing"/>
    <property name="java.vendor" value="Private Build"/>
    <property name="java.vm.version" value="17.0.10+7-Ubuntu-122.04.1"/>
    <property name="sun.io.unicode.encoding" value="UnicodeLittle"/>
    <property name="java.class.version" value="61.0"/>
  </properties>
  <testcase name="testGetSetEmailUsuario on testGetSetEmailUsuario(br.com.enade.model.TbusuarioTest)" classname="br.com.enade.model.TbusuarioTest" time="0.002"/>
  <testcase name="testGetSetNomeUsuario on testGetSetNomeUsuario(br.com.enade.model.TbusuarioTest)" classname="br.com.enade.model.TbusuarioTest" time="0"/>
  <testcase name="testGetSetIdUsuario on testGetSetIdUsuario(br.com.enade.model.TbusuarioTest)" classname="br.com.enade.model.TbusuarioTest" time="0.001"/>
  <testcase name="testGetSenhaUsuario on testGetSenhaUsuario(br.com.enade.model.TbusuarioTest)" classname="br.com.enade.model.TbusuarioTest" time="0.003">
    <failure message="The test case is a prototype." type="java.lang.AssertionError">java.lang.AssertionError: The test case is a prototype.
	at br.com.enade.model.TbusuarioTest.testGetSenhaUsuario(TbusuarioTest.java:39)
</failure>
    <system-out><![CDATA[Falha
]]></system-out>
  </testcase>
</testsuite>